<?xml version="1.0" encoding="UTF-8"?>
<!-- Generated by org.testng.reporters.JUnitReportReporter -->
<testsuite hostname="DESKTOP-9KVBAMM" failures="0" tests="1" name="com.example.books.BookServiseTest" time="0.014" errors="0" timestamp="2025-05-07T20:20:47 IST" skipped="0">
  <testcase classname="com.example.books.BookServiseTest" name="testGetBookReturnsNonEmptyLists" time="0.014"/>
</testsuite> <!-- com.example.books.BookServiseTest -->
